<?xml version="1.0" ?>
<coverage timestamp="1758801600.408" line-rate="0.029411764705882353" branch-rate="0.0" complexity="80.0"><sources><source>src/main/java</source></sources><packages><package name="com.example.demo.service" line-rate="0.016666666666666666" branch-rate="0.0" complexity="41.0"><classes><class name="com.example.demo.service.UserService" filename="com/example/demo/service/UserService.java" line-rate="0.016666666666666666" branch-rate="0.0" complexity="41.0"><methods><method name="&lt;init&gt;" signature="()V" line-rate="1.0" branch-rate="0.0" complexity="1.0"><lines><line number="12" hits="1" branch="false" /></lines></method><method name="getAllUsers" signature="()Ljava/util/List;" line-rate="0.0" branch-rate="0.0" complexity="1.0"><lines><line number="18" hits="0" branch="false" /></lines></method><method name="getUserById" signature="(Ljava/lang/Long;)Ljava/util/Optional;" line-rate="0.0" branch-rate="0.0" complexity="1.0"><lines><line number="22" hits="0" branch="false" /></lines></method><method name="getUserByEmail" signature="(Ljava/lang/String;)Ljava/util/Optional;" line-rate="0.0" branch-rate="0.0" complexity="3.0"><lines><line number="26" hits="0" branch="true" condition-coverage="0% (0/4)"><conditions><condition number="0" type="jump" coverage="0%" /></conditions></line><line number="27" hits="0" branch="false" /><line number="29" hits="0" branch="false" /></lines></method><method name="createUser" signature="(Ljava/lang/String;Ljava/lang/String;Ljava/lang/Integer;)Lcom/example/demo/model/User;" line-rate="0.0" branch-rate="0.0" complexity="9.0"><lines><line number="33" hits="0" branch="true" condition-coverage="0% (0/4)"><conditions><condition number="0" type="jump" coverage="0%" /></conditions></line><line number="34" hits="0" branch="false" /><line number="36" hits="0" branch="true" condition-coverage="0% (0/4)"><conditions><condition number="0" type="jump" coverage="0%" /></conditions></line><line number="37" hits="0" branch="false" /><line number="39" hits="0" branch="true" condition-coverage="0% (0/2)"><conditions><condition number="0" type="jump" coverage="0%" /></conditions></line><line number="40" hits="0" branch="false" /><line number="42" hits="0" branch="true" condition-coverage="0% (0/4)"><conditions><condition number="0" type="jump" coverage="0%" /></conditions></line><line number="43" hits="0" branch="false" /><line number="47" hits="0" branch="false" /><line number="48" hits="0" branch="true" condition-coverage="0% (0/2)"><conditions><condition number="0" type="jump" coverage="0%" /></conditions></line><line number="49" hits="0" branch="false" /><line number="52" hits="0" branch="false" /><line number="53" hits="0" branch="false" /></lines></method><method name="updateUser" signature="(Ljava/lang/Long;Ljava/lang/String;Ljava/lang/String;Ljava/lang/Integer;)Lcom/example/demo/model/User;" line-rate="0.0" branch-rate="0.0" complexity="11.0"><lines><line number="57" hits="0" branch="false" /><line number="58" hits="0" branch="true" condition-coverage="0% (0/2)"><conditions><condition number="0" type="jump" coverage="0%" /></conditions></line><line number="59" hits="0" branch="false" /><line number="62" hits="0" branch="false" /><line number="64" hits="0" branch="true" condition-coverage="0% (0/4)"><conditions><condition number="0" type="jump" coverage="0%" /></conditions></line><line number="65" hits="0" branch="false" /><line number="67" hits="0" branch="true" condition-coverage="0% (0/4)"><conditions><condition number="0" type="jump" coverage="0%" /></conditions></line><line number="68" hits="0" branch="true" condition-coverage="0% (0/2)"><conditions><condition number="0" type="jump" coverage="0%" /></conditions></line><line number="69" hits="0" branch="false" /><line number="72" hits="0" branch="false" /><line number="73" hits="0" branch="true" condition-coverage="0% (0/4)"><conditions><condition number="0" type="jump" coverage="0%" /></conditions></line><line number="74" hits="0" branch="false" /><line number="76" hits="0" branch="false" /><line number="78" hits="0" branch="true" condition-coverage="0% (0/2)"><conditions><condition number="0" type="jump" coverage="0%" /></conditions></line><line number="79" hits="0" branch="true" condition-coverage="0% (0/2)"><conditions><condition number="0" type="jump" coverage="0%" /></conditions></line><line number="80" hits="0" branch="false" /><line number="82" hits="0" branch="false" /><line number="85" hits="0" branch="false" /></lines></method><method name="deleteUser" signature="(Ljava/lang/Long;)V" line-rate="0.0" branch-rate="0.0" complexity="2.0"><lines><line number="89" hits="0" branch="true" condition-coverage="0% (0/2)"><conditions><condition number="0" type="jump" coverage="0%" /></conditions></line><line number="90" hits="0" branch="false" /><line number="92" hits="0" branch="false" /><line number="93" hits="0" branch="false" /></lines></method><method name="searchUsersByName" signature="(Ljava/lang/String;)Ljava/util/List;" line-rate="0.0" branch-rate="0.0" complexity="3.0"><lines><line number="96" hits="0" branch="true" condition-coverage="0% (0/4)"><conditions><condition number="0" type="jump" coverage="0%" /></conditions></line><line number="97" hits="0" branch="false" /><line number="99" hits="0" branch="false" /></lines></method><method name="getUsersByAgeRange" signature="(Ljava/lang/Integer;Ljava/lang/Integer;)Ljava/util/List;" line-rate="0.0" branch-rate="0.0" complexity="6.0"><lines><line number="103" hits="0" branch="true" condition-coverage="0% (0/4)"><conditions><condition number="0" type="jump" coverage="0%" /></conditions></line><line number="104" hits="0" branch="false" /><line number="106" hits="0" branch="true" condition-coverage="0% (0/4)"><conditions><condition number="0" type="jump" coverage="0%" /></conditions></line><line number="107" hits="0" branch="false" /><line number="109" hits="0" branch="true" condition-coverage="0% (0/2)"><conditions><condition number="0" type="jump" coverage="0%" /></conditions></line><line number="110" hits="0" branch="false" /><line number="112" hits="0" branch="false" /></lines></method><method name="getAdultUserCount" signature="()J" line-rate="0.0" branch-rate="0.0" complexity="1.0"><lines><line number="116" hits="0" branch="false" /></lines></method><method name="getUserStatistics" signature="()Ljava/lang/String;" line-rate="0.0" branch-rate="0.0" complexity="1.0"><lines><line number="120" hits="0" branch="false" /><line number="121" hits="0" branch="false" /><line number="122" hits="0" branch="false" /><line number="124" hits="0" branch="false" /><line number="125" hits="0" branch="false" /></lines></method><method name="isValidEmail" signature="(Ljava/lang/String;)Z" line-rate="0.0" branch-rate="0.0" complexity="2.0"><lines><line number="129" hits="0" branch="true" condition-coverage="0% (0/2)"><conditions><condition number="0" type="jump" coverage="0%" /></conditions></line><line number="130" hits="0" branch="false" /><line number="132" hits="0" branch="false" /></lines></method></methods><lines><line number="12" hits="1" branch="false" /><line number="18" hits="0" branch="false" /><line number="22" hits="0" branch="false" /><line number="26" hits="0" branch="true" condition-coverage="0% (0/4)"><conditions><condition number="0" type="jump" coverage="0%" /></conditions></line><line number="27" hits="0" branch="false" /><line number="29" hits="0" branch="false" /><line number="33" hits="0" branch="true" condition-coverage="0% (0/4)"><conditions><condition number="0" type="jump" coverage="0%" /></conditions></line><line number="34" hits="0" branch="false" /><line number="36" hits="0" branch="true" condition-coverage="0% (0/4)"><conditions><condition number="0" type="jump" coverage="0%" /></conditions></line><line number="37" hits="0" branch="false" /><line number="39" hits="0" branch="true" condition-coverage="0% (0/2)"><conditions><condition number="0" type="jump" coverage="0%" /></conditions></line><line number="40" hits="0" branch="false" /><line number="42" hits="0" branch="true" condition-coverage="0% (0/4)"><conditions><condition number="0" type="jump" coverage="0%" /></conditions></line><line number="43" hits="0" branch="false" /><line number="47" hits="0" branch="false" /><line number="48" hits="0" branch="true" condition-coverage="0% (0/2)"><conditions><condition number="0" type="jump" coverage="0%" /></conditions></line><line number="49" hits="0" branch="false" /><line number="52" hits="0" branch="false" /><line number="53" hits="0" branch="false" /><line number="57" hits="0" branch="false" /><line number="58" hits="0" branch="true" condition-coverage="0% (0/2)"><conditions><condition number="0" type="jump" coverage="0%" /></conditions></line><line number="59" hits="0" branch="false" /><line number="62" hits="0" branch="false" /><line number="64" hits="0" branch="true" condition-coverage="0% (0/4)"><conditions><condition number="0" type="jump" coverage="0%" /></conditions></line><line number="65" hits="0" branch="false" /><line number="67" hits="0" branch="true" condition-coverage="0% (0/4)"><conditions><condition number="0" type="jump" coverage="0%" /></conditions></line><line number="68" hits="0" branch="true" condition-coverage="0% (0/2)"><conditions><condition number="0" type="jump" coverage="0%" /></conditions></line><line number="69" hits="0" branch="false" /><line number="72" hits="0" branch="false" /><line number="73" hits="0" branch="true" condition-coverage="0% (0/4)"><conditions><condition number="0" type="jump" coverage="0%" /></conditions></line><line number="74" hits="0" branch="false" /><line number="76" hits="0" branch="false" /><line number="78" hits="0" branch="true" condition-coverage="0% (0/2)"><conditions><condition number="0" type="jump" coverage="0%" /></conditions></line><line number="79" hits="0" branch="true" condition-coverage="0% (0/2)"><conditions><condition number="0" type="jump" coverage="0%" /></conditions></line><line number="80" hits="0" branch="false" /><line number="82" hits="0" branch="false" /><line number="85" hits="0" branch="false" /><line number="89" hits="0" branch="true" condition-coverage="0% (0/2)"><conditions><condition number="0" type="jump" coverage="0%" /></conditions></line><line number="90" hits="0" branch="false" /><line number="92" hits="0" branch="false" /><line number="93" hits="0" branch="false" /><line number="96" hits="0" branch="true" condition-coverage="0% (0/4)"><conditions><condition number="0" type="jump" coverage="0%" /></conditions></line><line number="97" hits="0" branch="false" /><line number="99" hits="0" branch="false" /><line number="103" hits="0" branch="true" condition-coverage="0% (0/4)"><conditions><condition number="0" type="jump" coverage="0%" /></conditions></line><line number="104" hits="0" branch="false" /><line number="106" hits="0" branch="true" condition-coverage="0% (0/4)"><conditions><condition number="0" type="jump" coverage="0%" /></conditions></line><line number="107" hits="0" branch="false" /><line number="109" hits="0" branch="true" condition-coverage="0% (0/2)"><conditions><condition number="0" type="jump" coverage="0%" /></conditions></line><line number="110" hits="0" branch="false" /><line number="112" hits="0" branch="false" /><line number="116" hits="0" branch="false" /><line number="120" hits="0" branch="false" /><line number="121" hits="0" branch="false" /><line number="122" hits="0" branch="false" /><line number="124" hits="0" branch="false" /><line number="125" hits="0" branch="false" /><line number="129" hits="0" branch="true" condition-coverage="0% (0/2)"><conditions><condition number="0" type="jump" coverage="0%" /></conditions></line><line number="130" hits="0" branch="false" /><line number="132" hits="0" branch="false" /></lines></class></classes></package><package name="com.example.demo.controller" line-rate="0.01818181818181818" branch-rate="0.0" complexity="27.0"><classes><class name="com.example.demo.controller.UserController" filename="com/example/demo/controller/UserController.java" line-rate="0.02857142857142857" branch-rate="0.0" complexity="13.0"><methods><method name="&lt;init&gt;" signature="()V" line-rate="1.0" branch-rate="0.0" complexity="1.0"><lines><line number="15" hits="1" branch="false" /></lines></method><method name="getAllUsers" signature="()Lorg/springframework/http/ResponseEntity;" line-rate="0.0" branch-rate="0.0" complexity="1.0"><lines><line number="22" hits="0" branch="false" /><line number="23" hits="0" branch="false" /></lines></method><method name="getUserById" signature="(Ljava/lang/Long;)Lorg/springframework/http/ResponseEntity;" line-rate="0.0" branch-rate="0.0" complexity="2.0"><lines><line number="28" hits="0" branch="false" /><line number="29" hits="0" branch="true" condition-coverage="0% (0/2)"><conditions><condition number="0" type="jump" coverage="0%" /></conditions></line><line number="30" hits="0" branch="false" /><line number="32" hits="0" branch="false" /></lines></method><method name="getUserByEmail" signature="(Ljava/lang/String;)Lorg/springframework/http/ResponseEntity;" line-rate="0.0" branch-rate="0.0" complexity="2.0"><lines><line number="39" hits="0" branch="false" /><line number="40" hits="0" branch="true" condition-coverage="0% (0/2)"><conditions><condition number="0" type="jump" coverage="0%" /></conditions></line><line number="41" hits="0" branch="false" /><line number="43" hits="0" branch="false" /><line number="45" hits="0" branch="false" /><line number="46" hits="0" branch="false" /></lines></method><method name="createUser" signature="(Lcom/example/demo/controller/UserController$CreateUserRequest;)Lorg/springframework/http/ResponseEntity;" line-rate="0.0" branch-rate="0.0" complexity="1.0"><lines><line number="53" hits="0" branch="false" /><line number="54" hits="0" branch="false" /><line number="55" hits="0" branch="false" /><line number="56" hits="0" branch="false" /></lines></method><method name="updateUser" signature="(Ljava/lang/Long;Lcom/example/demo/controller/UserController$UpdateUserRequest;)Lorg/springframework/http/ResponseEntity;" line-rate="0.0" branch-rate="0.0" complexity="1.0"><lines><line number="63" hits="0" branch="false" /><line number="64" hits="0" branch="false" /><line number="65" hits="0" branch="false" /><line number="66" hits="0" branch="false" /></lines></method><method name="deleteUser" signature="(Ljava/lang/Long;)Lorg/springframework/http/ResponseEntity;" line-rate="0.0" branch-rate="0.0" complexity="1.0"><lines><line number="73" hits="0" branch="false" /><line number="74" hits="0" branch="false" /><line number="75" hits="0" branch="false" /><line number="76" hits="0" branch="false" /></lines></method><method name="searchUsers" signature="(Ljava/lang/String;)Lorg/springframework/http/ResponseEntity;" line-rate="0.0" branch-rate="0.0" complexity="1.0"><lines><line number="82" hits="0" branch="false" /><line number="83" hits="0" branch="false" /></lines></method><method name="getUsersByAgeRange" signature="(Ljava/lang/Integer;Ljava/lang/Integer;)Lorg/springframework/http/ResponseEntity;" line-rate="0.0" branch-rate="0.0" complexity="1.0"><lines><line number="89" hits="0" branch="false" /><line number="90" hits="0" branch="false" /><line number="91" hits="0" branch="false" /><line number="92" hits="0" branch="false" /></lines></method><method name="getUserStatistics" signature="()Lorg/springframework/http/ResponseEntity;" line-rate="0.0" branch-rate="0.0" complexity="1.0"><lines><line number="98" hits="0" branch="false" /><line number="99" hits="0" branch="false" /></lines></method><method name="getAdultUserCount" signature="()Lorg/springframework/http/ResponseEntity;" line-rate="0.0" branch-rate="0.0" complexity="1.0"><lines><line number="104" hits="0" branch="false" /><line number="105" hits="0" branch="false" /><line number="109" hits="0" branch="false" /><line number="115" hits="0" branch="false" /><line number="119" hits="0" branch="false" /><line number="120" hits="0" branch="false" /><line number="123" hits="0" branch="false" /><line number="127" hits="0" branch="false" /><line number="128" hits="0" branch="false" /><line number="131" hits="0" branch="false" /><line number="135" hits="0" branch="false" /><line number="136" hits="0" branch="false" /><line number="139" hits="0" branch="false" /><line number="145" hits="0" branch="false" /><line number="149" hits="0" branch="false" /><line number="150" hits="0" branch="false" /><line number="153" hits="0" branch="false" /><line number="157" hits="0" branch="false" /><line number="158" hits="0" branch="false" /><line number="161" hits="0" branch="false" /><line number="165" hits="0" branch="false" /><line number="166" hits="0" branch="false" /></lines></method></methods><lines><line number="15" hits="1" branch="false" /><line number="22" hits="0" branch="false" /><line number="23" hits="0" branch="false" /><line number="28" hits="0" branch="false" /><line number="29" hits="0" branch="true" condition-coverage="0% (0/2)"><conditions><condition number="0" type="jump" coverage="0%" /></conditions></line><line number="30" hits="0" branch="false" /><line number="32" hits="0" branch="false" /><line number="39" hits="0" branch="false" /><line number="40" hits="0" branch="true" condition-coverage="0% (0/2)"><conditions><condition number="0" type="jump" coverage="0%" /></conditions></line><line number="41" hits="0" branch="false" /><line number="43" hits="0" branch="false" /><line number="45" hits="0" branch="false" /><line number="46" hits="0" branch="false" /><line number="53" hits="0" branch="false" /><line number="54" hits="0" branch="false" /><line number="55" hits="0" branch="false" /><line number="56" hits="0" branch="false" /><line number="63" hits="0" branch="false" /><line number="64" hits="0" branch="false" /><line number="65" hits="0" branch="false" /><line number="66" hits="0" branch="false" /><line number="73" hits="0" branch="false" /><line number="74" hits="0" branch="false" /><line number="75" hits="0" branch="false" /><line number="76" hits="0" branch="false" /><line number="82" hits="0" branch="false" /><line number="83" hits="0" branch="false" /><line number="89" hits="0" branch="false" /><line number="90" hits="0" branch="false" /><line number="91" hits="0" branch="false" /><line number="92" hits="0" branch="false" /><line number="98" hits="0" branch="false" /><line number="99" hits="0" branch="false" /><line number="104" hits="0" branch="false" /><line number="105" hits="0" branch="false" /><line number="109" hits="0" branch="false" /><line number="115" hits="0" branch="false" /><line number="119" hits="0" branch="false" /><line number="120" hits="0" branch="false" /><line number="123" hits="0" branch="false" /><line number="127" hits="0" branch="false" /><line number="128" hits="0" branch="false" /><line number="131" hits="0" branch="false" /><line number="135" hits="0" branch="false" /><line number="136" hits="0" branch="false" /><line number="139" hits="0" branch="false" /><line number="145" hits="0" branch="false" /><line number="149" hits="0" branch="false" /><line number="150" hits="0" branch="false" /><line number="153" hits="0" branch="false" /><line number="157" hits="0" branch="false" /><line number="158" hits="0" branch="false" /><line number="161" hits="0" branch="false" /><line number="165" hits="0" branch="false" /><line number="166" hits="0" branch="false" /></lines></class><class name="com.example.demo.controller.UserController$UpdateUserRequest" filename="com/example/demo/controller/UserController.java" line-rate="0.0" branch-rate="0.0" complexity="7.0"><methods><method name="&lt;init&gt;" signature="()V" line-rate="0.0" branch-rate="0.0" complexity="1.0"><lines><line number="139" hits="0" branch="false" /></lines></method><method name="getName" signature="()Ljava/lang/String;" line-rate="0.0" branch-rate="0.0" complexity="1.0"><lines><line number="145" hits="0" branch="false" /></lines></method><method name="setName" signature="(Ljava/lang/String;)V" line-rate="0.0" branch-rate="0.0" complexity="1.0"><lines><line number="149" hits="0" branch="false" /><line number="150" hits="0" branch="false" /></lines></method><method name="getEmail" signature="()Ljava/lang/String;" line-rate="0.0" branch-rate="0.0" complexity="1.0"><lines><line number="153" hits="0" branch="false" /></lines></method><method name="setEmail" signature="(Ljava/lang/String;)V" line-rate="0.0" branch-rate="0.0" complexity="1.0"><lines><line number="157" hits="0" branch="false" /><line number="158" hits="0" branch="false" /></lines></method><method name="getAge" signature="()Ljava/lang/Integer;" line-rate="0.0" branch-rate="0.0" complexity="1.0"><lines><line number="161" hits="0" branch="false" /></lines></method><method name="setAge" signature="(Ljava/lang/Integer;)V" line-rate="0.0" branch-rate="0.0" complexity="1.0"><lines><line number="165" hits="0" branch="false" /><line number="166" hits="0" branch="false" /></lines></method></methods><lines><line number="15" hits="1" branch="false" /><line number="22" hits="0" branch="false" /><line number="23" hits="0" branch="false" /><line number="28" hits="0" branch="false" /><line number="29" hits="0" branch="true" condition-coverage="0% (0/2)"><conditions><condition number="0" type="jump" coverage="0%" /></conditions></line><line number="30" hits="0" branch="false" /><line number="32" hits="0" branch="false" /><line number="39" hits="0" branch="false" /><line number="40" hits="0" branch="true" condition-coverage="0% (0/2)"><conditions><condition number="0" type="jump" coverage="0%" /></conditions></line><line number="41" hits="0" branch="false" /><line number="43" hits="0" branch="false" /><line number="45" hits="0" branch="false" /><line number="46" hits="0" branch="false" /><line number="53" hits="0" branch="false" /><line number="54" hits="0" branch="false" /><line number="55" hits="0" branch="false" /><line number="56" hits="0" branch="false" /><line number="63" hits="0" branch="false" /><line number="64" hits="0" branch="false" /><line number="65" hits="0" branch="false" /><line number="66" hits="0" branch="false" /><line number="73" hits="0" branch="false" /><line number="74" hits="0" branch="false" /><line number="75" hits="0" branch="false" /><line number="76" hits="0" branch="false" /><line number="82" hits="0" branch="false" /><line number="83" hits="0" branch="false" /><line number="89" hits="0" branch="false" /><line number="90" hits="0" branch="false" /><line number="91" hits="0" branch="false" /><line number="92" hits="0" branch="false" /><line number="98" hits="0" branch="false" /><line number="99" hits="0" branch="false" /><line number="104" hits="0" branch="false" /><line number="105" hits="0" branch="false" /><line number="109" hits="0" branch="false" /><line number="115" hits="0" branch="false" /><line number="119" hits="0" branch="false" /><line number="120" hits="0" branch="false" /><line number="123" hits="0" branch="false" /><line number="127" hits="0" branch="false" /><line number="128" hits="0" branch="false" /><line number="131" hits="0" branch="false" /><line number="135" hits="0" branch="false" /><line number="136" hits="0" branch="false" /><line number="139" hits="0" branch="false" /><line number="145" hits="0" branch="false" /><line number="149" hits="0" branch="false" /><line number="150" hits="0" branch="false" /><line number="153" hits="0" branch="false" /><line number="157" hits="0" branch="false" /><line number="158" hits="0" branch="false" /><line number="161" hits="0" branch="false" /><line number="165" hits="0" branch="false" /><line number="166" hits="0" branch="false" /></lines></class><class name="com.example.demo.controller.UserController$CreateUserRequest" filename="com/example/demo/controller/UserController.java" line-rate="0.0" branch-rate="0.0" complexity="7.0"><methods><method name="&lt;init&gt;" signature="()V" line-rate="0.0" branch-rate="0.0" complexity="1.0"><lines><line number="109" hits="0" branch="false" /></lines></method><method name="getName" signature="()Ljava/lang/String;" line-rate="0.0" branch-rate="0.0" complexity="1.0"><lines><line number="115" hits="0" branch="false" /></lines></method><method name="setName" signature="(Ljava/lang/String;)V" line-rate="0.0" branch-rate="0.0" complexity="1.0"><lines><line number="119" hits="0" branch="false" /><line number="120" hits="0" branch="false" /></lines></method><method name="getEmail" signature="()Ljava/lang/String;" line-rate="0.0" branch-rate="0.0" complexity="1.0"><lines><line number="123" hits="0" branch="false" /></lines></method><method name="setEmail" signature="(Ljava/lang/String;)V" line-rate="0.0" branch-rate="0.0" complexity="1.0"><lines><line number="127" hits="0" branch="false" /><line number="128" hits="0" branch="false" /></lines></method><method name="getAge" signature="()Ljava/lang/Integer;" line-rate="0.0" branch-rate="0.0" complexity="1.0"><lines><line number="131" hits="0" branch="false" /></lines></method><method name="setAge" signature="(Ljava/lang/Integer;)V" line-rate="0.0" branch-rate="0.0" complexity="1.0"><lines><line number="135" hits="0" branch="false" /><line number="136" hits="0" branch="false" /><line number="139" hits="0" branch="false" /><line number="145" hits="0" branch="false" /><line number="149" hits="0" branch="false" /><line number="150" hits="0" branch="false" /><line number="153" hits="0" branch="false" /><line number="157" hits="0" branch="false" /><line number="158" hits="0" branch="false" /><line number="161" hits="0" branch="false" /><line number="165" hits="0" branch="false" /><line number="166" hits="0" branch="false" /></lines></method></methods><lines><line number="15" hits="1" branch="false" /><line number="22" hits="0" branch="false" /><line number="23" hits="0" branch="false" /><line number="28" hits="0" branch="false" /><line number="29" hits="0" branch="true" condition-coverage="0% (0/2)"><conditions><condition number="0" type="jump" coverage="0%" /></conditions></line><line number="30" hits="0" branch="false" /><line number="32" hits="0" branch="false" /><line number="39" hits="0" branch="false" /><line number="40" hits="0" branch="true" condition-coverage="0% (0/2)"><conditions><condition number="0" type="jump" coverage="0%" /></conditions></line><line number="41" hits="0" branch="false" /><line number="43" hits="0" branch="false" /><line number="45" hits="0" branch="false" /><line number="46" hits="0" branch="false" /><line number="53" hits="0" branch="false" /><line number="54" hits="0" branch="false" /><line number="55" hits="0" branch="false" /><line number="56" hits="0" branch="false" /><line number="63" hits="0" branch="false" /><line number="64" hits="0" branch="false" /><line number="65" hits="0" branch="false" /><line number="66" hits="0" branch="false" /><line number="73" hits="0" branch="false" /><line number="74" hits="0" branch="false" /><line number="75" hits="0" branch="false" /><line number="76" hits="0" branch="false" /><line number="82" hits="0" branch="false" /><line number="83" hits="0" branch="false" /><line number="89" hits="0" branch="false" /><line number="90" hits="0" branch="false" /><line number="91" hits="0" branch="false" /><line number="92" hits="0" branch="false" /><line number="98" hits="0" branch="false" /><line number="99" hits="0" branch="false" /><line number="104" hits="0" branch="false" /><line number="105" hits="0" branch="false" /><line number="109" hits="0" branch="false" /><line number="115" hits="0" branch="false" /><line number="119" hits="0" branch="false" /><line number="120" hits="0" branch="false" /><line number="123" hits="0" branch="false" /><line number="127" hits="0" branch="false" /><line number="128" hits="0" branch="false" /><line number="131" hits="0" branch="false" /><line number="135" hits="0" branch="false" /><line number="136" hits="0" branch="false" /><line number="139" hits="0" branch="false" /><line number="145" hits="0" branch="false" /><line number="149" hits="0" branch="false" /><line number="150" hits="0" branch="false" /><line number="153" hits="0" branch="false" /><line number="157" hits="0" branch="false" /><line number="158" hits="0" branch="false" /><line number="161" hits="0" branch="false" /><line number="165" hits="0" branch="false" /><line number="166" hits="0" branch="false" /></lines></class></classes></package><package name="com.example.demo.model" line-rate="0.05555555555555555" branch-rate="0.0" complexity="10.0"><classes><class name="com.example.demo.model.User" filename="com/example/demo/model/User.java" line-rate="0.05555555555555555" branch-rate="0.0" complexity="10.0"><methods><method name="&lt;init&gt;" signature="()V" line-rate="1.0" branch-rate="0.0" complexity="1.0"><lines><line number="21" hits="1" branch="false" /></lines></method><method name="&lt;init&gt;" signature="(Ljava/lang/String;Ljava/lang/String;Ljava/lang/Integer;)V" line-rate="0.0" branch-rate="0.0" complexity="1.0"><lines><line number="23" hits="0" branch="false" /><line number="24" hits="0" branch="false" /><line number="25" hits="0" branch="false" /><line number="26" hits="0" branch="false" /><line number="27" hits="0" branch="false" /></lines></method><method name="getId" signature="()Ljava/lang/Long;" line-rate="0.0" branch-rate="0.0" complexity="1.0"><lines><line number="31" hits="0" branch="false" /></lines></method><method name="setId" signature="(Ljava/lang/Long;)V" line-rate="0.0" branch-rate="0.0" complexity="1.0"><lines><line number="35" hits="0" branch="false" /><line number="36" hits="0" branch="false" /></lines></method><method name="getName" signature="()Ljava/lang/String;" line-rate="0.0" branch-rate="0.0" complexity="1.0"><lines><line number="39" hits="0" branch="false" /></lines></method><method name="setName" signature="(Ljava/lang/String;)V" line-rate="0.0" branch-rate="0.0" complexity="1.0"><lines><line number="43" hits="0" branch="false" /><line number="44" hits="0" branch="false" /></lines></method><method name="getEmail" signature="()Ljava/lang/String;" line-rate="0.0" branch-rate="0.0" complexity="1.0"><lines><line number="47" hits="0" branch="false" /></lines></method><method name="setEmail" signature="(Ljava/lang/String;)V" line-rate="0.0" branch-rate="0.0" complexity="1.0"><lines><line number="51" hits="0" branch="false" /><line number="52" hits="0" branch="false" /></lines></method><method name="getAge" signature="()Ljava/lang/Integer;" line-rate="0.0" branch-rate="0.0" complexity="1.0"><lines><line number="55" hits="0" branch="false" /></lines></method><method name="setAge" signature="(Ljava/lang/Integer;)V" line-rate="0.0" branch-rate="0.0" complexity="1.0"><lines><line number="59" hits="0" branch="false" /><line number="60" hits="0" branch="false" /></lines></method></methods><lines><line number="21" hits="1" branch="false" /><line number="23" hits="0" branch="false" /><line number="24" hits="0" branch="false" /><line number="25" hits="0" branch="false" /><line number="26" hits="0" branch="false" /><line number="27" hits="0" branch="false" /><line number="31" hits="0" branch="false" /><line number="35" hits="0" branch="false" /><line number="36" hits="0" branch="false" /><line number="39" hits="0" branch="false" /><line number="43" hits="0" branch="false" /><line number="44" hits="0" branch="false" /><line number="47" hits="0" branch="false" /><line number="51" hits="0" branch="false" /><line number="52" hits="0" branch="false" /><line number="55" hits="0" branch="false" /><line number="59" hits="0" branch="false" /><line number="60" hits="0" branch="false" /></lines></class></classes></package><package name="com.example.demo.repository" line-rate="0.0" branch-rate="0.0" complexity="0.0"><classes><class name="com.example.demo.repository.UserRepository" filename="com/example/demo/repository/UserRepository.java" line-rate="0.0" branch-rate="0.0" complexity="0.0"><methods /><lines /></class></classes></package><package name="com.example.demo" line-rate="0.3333333333333333" branch-rate="0.0" complexity="2.0"><classes><class name="com.example.demo.DemoApplication" filename="com/example/demo/DemoApplication.java" line-rate="0.3333333333333333" branch-rate="0.0" complexity="2.0"><methods><method name="&lt;init&gt;" signature="()V" line-rate="1.0" branch-rate="0.0" complexity="1.0"><lines><line number="7" hits="1" branch="false" /></lines></method><method name="main" signature="([Ljava/lang/String;)V" line-rate="0.0" branch-rate="0.0" complexity="1.0"><lines><line number="10" hits="0" branch="false" /><line number="11" hits="0" branch="false" /></lines></method></methods><lines><line number="7" hits="1" branch="false" /><line number="10" hits="0" branch="false" /><line number="11" hits="0" branch="false" /></lines></class></classes></package></packages></coverage>
